2022-11-16 18:41:07,956 WARNING werkzeug MainThread :  * Debugger is active!
2022-11-16 18:41:07,970 INFO werkzeug MainThread :  * Debugger PIN: 193-039-953
2022-11-16 18:41:13,215 INFO werkzeug MainThread : [31m[1mWARNING: This is a development server. Do not use it in a production deployment. Use a production WSGI server instead.[0m
 * Running on http://localhost:5000
2022-11-16 18:41:13,215 INFO werkzeug MainThread : [33mPress CTRL+C to quit[0m
2022-11-16 18:41:13,216 INFO werkzeug MainThread :  * Restarting with stat
2022-11-16 18:41:13,413 WARNING werkzeug MainThread :  * Debugger is active!
2022-11-16 18:41:13,432 INFO werkzeug MainThread :  * Debugger PIN: 193-039-953
2022-11-16 18:44:00,325 INFO werkzeug MainThread :  * Detected change in '/Users/Cole/Documents/GitHub/assignment3-M2/flask-server/server.py', reloading
2022-11-16 18:44:00,360 INFO werkzeug MainThread :  * Restarting with stat
2022-11-16 18:44:00,679 WARNING werkzeug MainThread :  * Debugger is active!
2022-11-16 18:44:00,686 INFO werkzeug MainThread :  * Debugger PIN: 193-039-953
2022-11-16 18:46:04,328 INFO werkzeug MainThread :  * Detected change in '/Users/Cole/Documents/GitHub/assignment3-M2/flask-server/server.py', reloading
2022-11-16 18:46:04,361 INFO werkzeug MainThread :  * Restarting with stat
2022-11-16 18:46:04,567 WARNING werkzeug MainThread :  * Debugger is active!
2022-11-16 18:46:04,573 INFO werkzeug MainThread :  * Debugger PIN: 193-039-953
2022-11-16 18:46:32,751 INFO werkzeug MainThread :  * Detected change in '/Users/Cole/Documents/GitHub/assignment3-M2/flask-server/server.py', reloading
2022-11-16 18:46:32,835 INFO werkzeug MainThread :  * Restarting with stat
2022-11-16 18:46:33,024 WARNING werkzeug MainThread :  * Debugger is active!
2022-11-16 18:46:33,030 INFO werkzeug MainThread :  * Debugger PIN: 193-039-953
2022-11-16 18:47:19,148 INFO werkzeug MainThread : [31m[1mWARNING: This is a development server. Do not use it in a production deployment. Use a production WSGI server instead.[0m
 * Running on http://localhost:5000
2022-11-16 18:47:19,149 INFO werkzeug MainThread : [33mPress CTRL+C to quit[0m
2022-11-16 18:47:19,150 INFO werkzeug MainThread :  * Restarting with stat
2022-11-16 18:47:19,335 WARNING werkzeug MainThread :  * Debugger is active!
2022-11-16 18:47:19,343 INFO werkzeug MainThread :  * Debugger PIN: 193-039-953
2022-11-16 18:47:28,401 INFO werkzeug MainThread :  * Detected change in '/Users/Cole/Documents/GitHub/assignment3-M2/flask-server/server.py', reloading
2022-11-16 18:47:28,439 INFO werkzeug MainThread :  * Restarting with stat
